<?xml version="1.0" encoding="UTF-8"?>
<!-- Generated by org.testng.reporters.JUnitReportReporter -->
<testsuite hostname="tariq-pc" failures="0" tests="1" name="allreReporting.SampleProgram" time="0.050" errors="0" timestamp="2023-07-05T12:14:03 CEST" skipped="0">
  <testcase classname="allreReporting.SampleProgram" name="sample" time="0.050"/>
  <system-out/>
</testsuite> <!-- allreReporting.SampleProgram -->
