<?xml version="1.0" encoding="UTF-8"?>
<!-- Generated by org.testng.reporters.JUnitReportReporter -->
<testsuite hostname="tariq-pc" failures="0" tests="1" name="RukhsharSelenium.CreateGmailAccount_TC_01" time="4.255" errors="0" timestamp="2023-07-12T13:18:59 CEST" skipped="0">
  <testcase classname="RukhsharSelenium.CreateGmailAccount_TC_01" name="gmailAccountCreation" time="4.255"/>
  <system-out>
    <![CDATA[User has clicked on For myself button
User has entered text : Rukhshar
User has entered text : Fatema
User has clicked on Next button
User has entered text : 04
User has entered text : 1995
User has selected Female from the dropdown
User has clicked on Next button
User has clicked on  button
User has clicked on Next button]]>
  </system-out>
</testsuite> <!-- RukhsharSelenium.CreateGmailAccount_TC_01 -->
