<?xml version="1.0" encoding="UTF-8"?>
<!-- Generated by org.testng.reporters.JUnitReportReporter -->
<testsuite hostname="tariq-pc" failures="0" tests="1" name="RukhsharSelenium.FacebookLogin_TC_02" time="1.861" errors="0" timestamp="2023-07-13T04:55:57 CEST" skipped="0">
  <testcase classname="RukhsharSelenium.FacebookLogin_TC_02" name="facebookAccountCreation" time="1.861"/>
  <system-out>
    <![CDATA[User has clicked on Allow all cookies button
User has clicked on Create new account button
User has entered text : Sania
User has entered text : Mirza
User has entered text : rukhsharfatema123@gmail.com
User has entered text : rukhsharfatema123@gmail.com
User has entered text : Lovely.10
User has clicked on  button]]>
  </system-out>
</testsuite> <!-- RukhsharSelenium.FacebookLogin_TC_02 -->
